<?xml version="1.0" encoding="UTF-8"?>
<!-- Generated by org.testng.reporters.JUnitXMLReporter -->
<testsuite ignored="0" hostname="Jahanzabs-MacBook-Pro.local" failures="0" tests="5" name="Surefire test" time="8.477" errors="0" timestamp="2022-12-25T11:54:30 PKT">
  <testcase classname="com.spotify.oauth2.tests.PlaylistTests" name="createPlaylist" time="5.602"/>
  <testcase classname="com.spotify.oauth2.tests.PlaylistTests" name="createPlaylistWithEpiredToken" time="1.061"/>
  <testcase classname="com.spotify.oauth2.tests.PlaylistTests" name="createPlaylistWithoutName" time="0.725"/>
  <testcase classname="com.spotify.oauth2.tests.PlaylistTests" name="getPlaylist" time="0.46"/>
  <testcase classname="com.spotify.oauth2.tests.PlaylistTests" name="updatePlaylistDetails" time="0.501"/>
</testsuite> <!-- Surefire test -->
