<?xml version="1.0" encoding="UTF-8"?>
<!-- Generated by org.testng.reporters.JUnitXMLReporter -->
<testsuite ignored="4" hostname="Jahanzabs-MacBook-Pro.local" failures="0" tests="1" name="Default test" time="1.802" errors="0" timestamp="2022-12-22T17:46:16 PKT">
  <testcase classname="com.spotify.oauth2.tests.PlaylistTests" name="createPlaylist" time="1.788"/>
  <testcase classname="com.spotify.oauth2.tests.PlaylistTests" name="getPlaylist" time="0.0">
    <ignored/>
  </testcase> <!-- getPlaylist -->
  <testcase classname="com.spotify.oauth2.tests.PlaylistTests" name="createPlaylistWithEpiredToken" time="0.0">
    <ignored/>
  </testcase> <!-- createPlaylistWithEpiredToken -->
  <testcase classname="com.spotify.oauth2.tests.PlaylistTests" name="createPlaylistWithoutName" time="0.0">
    <ignored/>
  </testcase> <!-- createPlaylistWithoutName -->
  <testcase classname="com.spotify.oauth2.tests.PlaylistTests" name="updatePlaylistDetails" time="0.0">
    <ignored/>
  </testcase> <!-- updatePlaylistDetails -->
</testsuite> <!-- Default test -->
