<?xml version="1.0" encoding="UTF-8"?>
<testsuite xmlns:xsi="http://www.w3.org/2001/XMLSchema-instance" xsi:noNamespaceSchemaLocation="https://maven.apache.org/surefire/maven-surefire-plugin/xsd/surefire-test-report.xsd" name="com.spotify.oauth2.tests.PlaylistTests" time="9.221" tests="5" errors="0" skipped="0" failures="0">
  <properties>
[...]
</properties>
  <testcase name="createPlaylist" classname="com.spotify.oauth2.tests.PlaylistTests" time="5.655"/>
  <testcase name="createPlaylistWithEpiredToken" classname="com.spotify.oauth2.tests.PlaylistTests" time="1.061"/>
  <testcase name="createPlaylistWithoutName" classname="com.spotify.oauth2.tests.PlaylistTests" time="0.727"/>
  <testcase name="getPlaylist" classname="com.spotify.oauth2.tests.PlaylistTests" time="0.462"/>
  <testcase name="updatePlaylistDetails" classname="com.spotify.oauth2.tests.PlaylistTests" time="0.504"/>
</testsuite>