<?xml version="1.0" encoding="UTF-8"?>
<testng-results ignored="4" total="5" passed="1" failed="0" skipped="0">
  <reporter-output>
  </reporter-output>
  <suite started-at="2022-12-22T17:46:14 PKT" name="Default suite" finished-at="2022-12-22T17:46:16 PKT" duration-ms="1802">
    <groups>
    </groups>
    <test started-at="2022-12-22T17:46:14 PKT" name="Default test" finished-at="2022-12-22T17:46:16 PKT" duration-ms="1802">
      <class name="com.spotify.oauth2.tests.PlaylistTests">
        <test-method signature="createPlaylist()[pri:0, instance:com.spotify.oauth2.tests.PlaylistTests@73700b80]" started-at="2022-12-22T17:46:14 PKT" name="createPlaylist" finished-at="2022-12-22T17:46:16 PKT" duration-ms="1788" status="PASS">
          <reporter-output>
          </reporter-output>
        </test-method> <!-- createPlaylist -->
      </class> <!-- com.spotify.oauth2.tests.PlaylistTests -->
    </test> <!-- Default test -->
  </suite> <!-- Default suite -->
</testng-results>
